Determining if the pthread_create exist failed with the following output:
Change Dir: /home/linus/code/GITHUB/stixel/build/CMakeFiles/CMakeTmp

Run Build Command:"/usr/bin/make" "cmTC_e2f63/fast"
/usr/bin/make -f CMakeFiles/cmTC_e2f63.dir/build.make CMakeFiles/cmTC_e2f63.dir/build
make[1]: Entering directory '/home/linus/code/GITHUB/stixel/build/CMakeFiles/CMakeTmp'
Building C object CMakeFiles/cmTC_e2f63.dir/CheckSymbolExists.c.o
/usr/bin/cc   -fPIC    -o CMakeFiles/cmTC_e2f63.dir/CheckSymbolExists.c.o   -c /home/linus/code/GITHUB/stixel/build/CMakeFiles/CMakeTmp/CheckSymbolExists.c
Linking C executable cmTC_e2f63
/usr/bin/cmake -E cmake_link_script CMakeFiles/cmTC_e2f63.dir/link.txt --verbose=1
/usr/bin/cc -fPIC     -rdynamic CMakeFiles/cmTC_e2f63.dir/CheckSymbolExists.c.o  -o cmTC_e2f63 
CMakeFiles/cmTC_e2f63.dir/CheckSymbolExists.c.o: In function `main':
CheckSymbolExists.c:(.text+0x1b): undefined reference to `pthread_create'
collect2: error: ld returned 1 exit status
CMakeFiles/cmTC_e2f63.dir/build.make:97: recipe for target 'cmTC_e2f63' failed
make[1]: *** [cmTC_e2f63] Error 1
make[1]: Leaving directory '/home/linus/code/GITHUB/stixel/build/CMakeFiles/CMakeTmp'
Makefile:126: recipe for target 'cmTC_e2f63/fast' failed
make: *** [cmTC_e2f63/fast] Error 2

File /home/linus/code/GITHUB/stixel/build/CMakeFiles/CMakeTmp/CheckSymbolExists.c:
/* */
#include <pthread.h>

int main(int argc, char** argv)
{
  (void)argv;
#ifndef pthread_create
  return ((int*)(&pthread_create))[argc];
#else
  (void)argc;
  return 0;
#endif
}

Determining if the function pthread_create exists in the pthreads failed with the following output:
Change Dir: /home/linus/code/GITHUB/stixel/build/CMakeFiles/CMakeTmp

Run Build Command:"/usr/bin/make" "cmTC_63a09/fast"
/usr/bin/make -f CMakeFiles/cmTC_63a09.dir/build.make CMakeFiles/cmTC_63a09.dir/build
make[1]: Entering directory '/home/linus/code/GITHUB/stixel/build/CMakeFiles/CMakeTmp'
Building C object CMakeFiles/cmTC_63a09.dir/CheckFunctionExists.c.o
/usr/bin/cc   -fPIC -DCHECK_FUNCTION_EXISTS=pthread_create   -o CMakeFiles/cmTC_63a09.dir/CheckFunctionExists.c.o   -c /usr/share/cmake-3.10/Modules/CheckFunctionExists.c
Linking C executable cmTC_63a09
/usr/bin/cmake -E cmake_link_script CMakeFiles/cmTC_63a09.dir/link.txt --verbose=1
/usr/bin/cc -fPIC -DCHECK_FUNCTION_EXISTS=pthread_create    -rdynamic CMakeFiles/cmTC_63a09.dir/CheckFunctionExists.c.o  -o cmTC_63a09 -lpthreads 
/usr/bin/ld: cannot find -lpthreads
collect2: error: ld returned 1 exit status
CMakeFiles/cmTC_63a09.dir/build.make:97: recipe for target 'cmTC_63a09' failed
make[1]: *** [cmTC_63a09] Error 1
make[1]: Leaving directory '/home/linus/code/GITHUB/stixel/build/CMakeFiles/CMakeTmp'
Makefile:126: recipe for target 'cmTC_63a09/fast' failed
make: *** [cmTC_63a09/fast] Error 2


